08-30 23:16:41 com_github_MitjaNemec_ReplicateLayout.action_replicate_layout 392:Plugin executed on: 'linux'
08-30 23:16:41 com_github_MitjaNemec_ReplicateLayout.action_replicate_layout 393:Plugin executed with python version: '3.12.5 (main, Aug  9 2024, 08:20:41) [GCC 14.2.1 20240805]'
08-30 23:16:41 com_github_MitjaNemec_ReplicateLayout.action_replicate_layout 394:KiCad build version: 8.0.4
08-30 23:16:41 com_github_MitjaNemec_ReplicateLayout.action_replicate_layout 395:Plugin version: 3.0.2
08-30 23:16:41 com_github_MitjaNemec_ReplicateLayout.action_replicate_layout 396:Frame repr: <wx._core.Frame object at 0x765e221f4170>
08-30 23:16:41 com_github_MitjaNemec_ReplicateLayout.action_replicate_layout 420:Preparing replicator with J2 as a reference
08-30 23:16:41 com_github_MitjaNemec_ReplicateLayout.replicate_layout 117:getting a list of all footprints on board
08-30 23:16:41 com_github_MitjaNemec_ReplicateLayout.action_replicate_layout 468:source anchor footprint is 'J2'
Located on: ['stepper1']
With filenames: ['driver.kicad_sch']
With sheet_id:['stepper1']
08-30 23:16:41 com_github_MitjaNemec_ReplicateLayout.action_replicate_layout 475:Corresponding footprints are 
[('J2', ['stepper1']), ('J8', ['stepper4']), ('J14', ['stepper6']), ('J6', ['stepper3']), ('J11', ['stepper5']), ('J5', ['stepper2'])]
08-30 23:16:41 com_github_MitjaNemec_ReplicateLayout.action_replicate_layout 487:Showing dialog
08-30 23:16:41 com_github_MitjaNemec_ReplicateLayout.replicate_layout 462:constructing a list of sheets suitable for replication on level:'stepper1', file:'driver.kicad_sch'
08-30 23:16:41 com_github_MitjaNemec_ReplicateLayout.replicate_layout 499:suitable sheets are:[['stepper2'], ['stepper3'], ['stepper4'], ['stepper5'], ['stepper6']]
08-30 23:16:41 com_github_MitjaNemec_ReplicateLayout.replicate_layout 1503:Level selected: ['stepper1']
08-30 23:16:41 com_github_MitjaNemec_ReplicateLayout.replicate_layout 1327:Filtering list of tracks
08-30 23:16:41 com_github_MitjaNemec_ReplicateLayout.action_replicate_layout 493:Toolbar position: wx.Point(1466, 61)
08-30 23:16:41 com_github_MitjaNemec_ReplicateLayout.action_replicate_layout 498:Dialog position: wx.Point(1027, 61)
08-30 23:16:52 com_github_MitjaNemec_ReplicateLayout.replicate_layout 462:constructing a list of sheets suitable for replication on level:'stepper1', file:'driver.kicad_sch'
08-30 23:16:52 com_github_MitjaNemec_ReplicateLayout.replicate_layout 499:suitable sheets are:[['stepper2'], ['stepper3'], ['stepper4'], ['stepper5'], ['stepper6']]
08-30 23:16:52 com_github_MitjaNemec_ReplicateLayout.action_replicate_layout 240:Replicating layout
08-30 23:16:52 com_github_MitjaNemec_ReplicateLayout.replicate_layout 278:Starting replication of sheets: [['stepper2'], ['stepper3'], ['stepper4'], ['stepper5'], ['stepper6']]
on level: ['stepper1']
with tracks=True, zone=True, text=True, text=True, intersecting=False, remove=False, locked footprints=False, group_only=False
08-30 23:16:52 root 332:updating GUI message: 'Preparing for replication'
08-30 23:16:52 com_github_MitjaNemec_ReplicateLayout.replicate_layout 348:Getting the list of source footprints
08-30 23:16:52 root 337:updating GUI with: 0
08-30 23:16:52 com_github_MitjaNemec_ReplicateLayout.replicate_layout 358:Getting the list of all the remaining footprints
08-30 23:16:52 com_github_MitjaNemec_ReplicateLayout.replicate_layout 365:Getting source tracks
08-30 23:16:52 com_github_MitjaNemec_ReplicateLayout.replicate_layout 1327:Filtering list of tracks
08-30 23:16:52 com_github_MitjaNemec_ReplicateLayout.replicate_layout 369:Getting source zones
08-30 23:16:52 com_github_MitjaNemec_ReplicateLayout.replicate_layout 373:Getting source text items
08-30 23:16:52 com_github_MitjaNemec_ReplicateLayout.replicate_layout 377:Getting source drawing items
08-30 23:16:52 root 332:updating GUI message: 'Replicating footprints'
08-30 23:16:52 com_github_MitjaNemec_ReplicateLayout.replicate_layout 844:Replicating footprints
08-30 23:16:52 com_github_MitjaNemec_ReplicateLayout.replicate_layout 851:Replicating footprints on sheet ['stepper2']
08-30 23:16:52 root 337:updating GUI with: 17
08-30 23:16:52 com_github_MitjaNemec_ReplicateLayout.replicate_layout 851:Replicating footprints on sheet ['stepper3']
08-30 23:16:52 com_github_MitjaNemec_ReplicateLayout.replicate_layout 851:Replicating footprints on sheet ['stepper4']
08-30 23:16:52 com_github_MitjaNemec_ReplicateLayout.replicate_layout 851:Replicating footprints on sheet ['stepper5']
08-30 23:16:52 com_github_MitjaNemec_ReplicateLayout.replicate_layout 851:Replicating footprints on sheet ['stepper6']
08-30 23:16:52 root 332:updating GUI message: 'Replicating tracks'
08-30 23:16:52 com_github_MitjaNemec_ReplicateLayout.replicate_layout 1005:Replicating tracks
08-30 23:16:52 root 337:updating GUI with: 0
08-30 23:16:52 com_github_MitjaNemec_ReplicateLayout.replicate_layout 1011:Replicating tracks on sheet ['stepper2']
08-30 23:16:52 com_github_MitjaNemec_ReplicateLayout.replicate_layout 804:Net pairs for sheet ['stepper2'] :[('/stepper1/C3', '/stepper2/C3'), ('/stepper1/C4', '/stepper2/C4'), ('/stepper1/C2', '/stepper2/C2'), ('Net-(J2-Pin_3)', 'Net-(J5-Pin_3)'), ('unconnected-(U1-I7-Pad7)', 'unconnected-(U2-I7-Pad7)'), ('unconnected-(U1-O7-Pad10)', 'unconnected-(U2-O7-Pad10)'), ('unconnected-(U1-I6-Pad6)', 'unconnected-(U2-I6-Pad6)'), ('unconnected-(U1-O5-Pad12)', 'unconnected-(U2-O5-Pad12)'), ('/stepper1/C1', '/stepper2/C1'), ('/1_3', '/2_3'), ('/1_1', '/2_1'), ('+12V', '+12V'), ('', ''), ('+5V', '+5V'), ('/1_2', '/2_2'), ('GND', 'GND'), ('/1_H', '/2_H'), ('/1_4', '/2_4'), ('unconnected-(U1-O6-Pad11)', 'unconnected-(U2-O6-Pad11)'), ('unconnected-(U1-I5-Pad5)', 'unconnected-(U2-I5-Pad5)')]
08-30 23:16:52 com_github_MitjaNemec_ReplicateLayout.replicate_layout 1011:Replicating tracks on sheet ['stepper3']
08-30 23:16:52 com_github_MitjaNemec_ReplicateLayout.replicate_layout 804:Net pairs for sheet ['stepper3'] :[('/stepper1/C3', '/stepper3/C3'), ('/1_4', '/3_4'), ('Net-(J2-Pin_3)', 'Net-(J6-Pin_3)'), ('unconnected-(U1-O5-Pad12)', 'unconnected-(U3-O5-Pad12)'), ('/stepper1/C2', '/stepper3/C2'), ('unconnected-(U1-I5-Pad5)', 'unconnected-(U3-I5-Pad5)'), ('unconnected-(U1-O6-Pad11)', 'unconnected-(U3-O6-Pad11)'), ('unconnected-(U1-I7-Pad7)', 'unconnected-(U3-I7-Pad7)'), ('/stepper1/C1', '/stepper3/C1'), ('/stepper1/C4', '/stepper3/C4'), ('unconnected-(U1-I6-Pad6)', 'unconnected-(U3-I6-Pad6)'), ('+12V', '+12V'), ('/1_3', '/3_3'), ('/1_H', '/3_H'), ('', ''), ('+5V', '+5V'), ('/1_1', '/3_1'), ('/1_2', '/3_2'), ('unconnected-(U1-O7-Pad10)', 'unconnected-(U3-O7-Pad10)'), ('GND', 'GND')]
08-30 23:16:52 com_github_MitjaNemec_ReplicateLayout.replicate_layout 1011:Replicating tracks on sheet ['stepper4']
08-30 23:16:52 com_github_MitjaNemec_ReplicateLayout.replicate_layout 804:Net pairs for sheet ['stepper4'] :[('/stepper1/C2', '/stepper4/C2'), ('unconnected-(U1-O7-Pad10)', 'unconnected-(U5-O7-Pad10)'), ('/1_2', '/4_2'), ('unconnected-(U1-I5-Pad5)', 'unconnected-(U5-I5-Pad5)'), ('/1_4', '/4_4'), ('Net-(J2-Pin_3)', 'Net-(J8-Pin_3)'), ('/1_1', '/4_1'), ('/1_3', '/4_3'), ('unconnected-(U1-O6-Pad11)', 'unconnected-(U5-O6-Pad11)'), ('/stepper1/C1', '/stepper4/C1'), ('unconnected-(U1-O5-Pad12)', 'unconnected-(U5-O5-Pad12)'), ('+12V', '+12V'), ('/1_H', '/4_H'), ('', ''), ('/stepper1/C3', '/stepper4/C3'), ('/stepper1/C4', '/stepper4/C4'), ('+5V', '+5V'), ('unconnected-(U1-I7-Pad7)', 'unconnected-(U5-I7-Pad7)'), ('GND', 'GND'), ('unconnected-(U1-I6-Pad6)', 'unconnected-(U5-I6-Pad6)')]
08-30 23:16:52 com_github_MitjaNemec_ReplicateLayout.replicate_layout 1011:Replicating tracks on sheet ['stepper5']
08-30 23:16:52 com_github_MitjaNemec_ReplicateLayout.replicate_layout 804:Net pairs for sheet ['stepper5'] :[('unconnected-(U1-I6-Pad6)', 'unconnected-(U6-I6-Pad6)'), ('unconnected-(U1-O7-Pad10)', 'unconnected-(U6-O7-Pad10)'), ('/stepper1/C3', '/stepper5/C3'), ('unconnected-(U1-I7-Pad7)', 'unconnected-(U6-I7-Pad7)'), ('unconnected-(U1-O6-Pad11)', 'unconnected-(U6-O6-Pad11)'), ('unconnected-(U1-O5-Pad12)', 'unconnected-(U6-O5-Pad12)'), ('/1_4', '/5_4'), ('/1_H', '/5_H'), ('unconnected-(U1-I5-Pad5)', 'unconnected-(U6-I5-Pad5)'), ('Net-(J2-Pin_3)', 'Net-(J11-Pin_3)'), ('/stepper1/C4', '/stepper5/C4'), ('+12V', '+12V'), ('/1_3', '/5_3'), ('/stepper1/C2', '/stepper5/C2'), ('/stepper1/C1', '/stepper5/C1'), ('', ''), ('+5V', '+5V'), ('/1_2', '/5_2'), ('GND', 'GND'), ('/1_1', '/5_1')]
08-30 23:16:52 com_github_MitjaNemec_ReplicateLayout.replicate_layout 1011:Replicating tracks on sheet ['stepper6']
08-30 23:16:52 com_github_MitjaNemec_ReplicateLayout.replicate_layout 804:Net pairs for sheet ['stepper6'] :[('/stepper1/C4', '/stepper6/C4'), ('unconnected-(U1-O5-Pad12)', 'unconnected-(U7-O5-Pad12)'), ('/1_1', '/6_1'), ('unconnected-(U1-I5-Pad5)', 'unconnected-(U7-I5-Pad5)'), ('/1_4', '/6_4'), ('/1_3', '/6_3'), ('unconnected-(U1-I7-Pad7)', 'unconnected-(U7-I7-Pad7)'), ('/stepper1/C2', '/stepper6/C2'), ('unconnected-(U1-I6-Pad6)', 'unconnected-(U7-I6-Pad6)'), ('unconnected-(U1-O7-Pad10)', 'unconnected-(U7-O7-Pad10)'), ('/stepper1/C1', '/stepper6/C1'), ('/1_H', '/6_H'), ('/stepper1/C3', '/stepper6/C3'), ('+12V', '+12V'), ('unconnected-(U1-O6-Pad11)', 'unconnected-(U7-O6-Pad11)'), ('', ''), ('+5V', '+5V'), ('/1_2', '/6_2'), ('GND', 'GND'), ('Net-(J2-Pin_3)', 'Net-(J14-Pin_3)')]
08-30 23:16:52 root 332:updating GUI message: 'Replicating zones'
08-30 23:16:52 com_github_MitjaNemec_ReplicateLayout.replicate_layout 1075:Replicating zones
08-30 23:16:52 root 337:updating GUI with: 0
08-30 23:16:52 com_github_MitjaNemec_ReplicateLayout.replicate_layout 1082:Replicating zones on sheet ['stepper2']
08-30 23:16:52 com_github_MitjaNemec_ReplicateLayout.replicate_layout 804:Net pairs for sheet ['stepper2'] :[('/stepper1/C3', '/stepper2/C3'), ('/stepper1/C4', '/stepper2/C4'), ('/stepper1/C2', '/stepper2/C2'), ('Net-(J2-Pin_3)', 'Net-(J5-Pin_3)'), ('unconnected-(U1-I7-Pad7)', 'unconnected-(U2-I7-Pad7)'), ('unconnected-(U1-O7-Pad10)', 'unconnected-(U2-O7-Pad10)'), ('unconnected-(U1-I6-Pad6)', 'unconnected-(U2-I6-Pad6)'), ('unconnected-(U1-O5-Pad12)', 'unconnected-(U2-O5-Pad12)'), ('/stepper1/C1', '/stepper2/C1'), ('/1_3', '/2_3'), ('/1_1', '/2_1'), ('+12V', '+12V'), ('', ''), ('+5V', '+5V'), ('/1_2', '/2_2'), ('GND', 'GND'), ('/1_H', '/2_H'), ('/1_4', '/2_4'), ('unconnected-(U1-O6-Pad11)', 'unconnected-(U2-O6-Pad11)'), ('unconnected-(U1-I5-Pad5)', 'unconnected-(U2-I5-Pad5)')]
08-30 23:16:52 com_github_MitjaNemec_ReplicateLayout.replicate_layout 1082:Replicating zones on sheet ['stepper3']
08-30 23:16:52 com_github_MitjaNemec_ReplicateLayout.replicate_layout 804:Net pairs for sheet ['stepper3'] :[('/stepper1/C3', '/stepper3/C3'), ('/1_4', '/3_4'), ('Net-(J2-Pin_3)', 'Net-(J6-Pin_3)'), ('unconnected-(U1-O5-Pad12)', 'unconnected-(U3-O5-Pad12)'), ('/stepper1/C2', '/stepper3/C2'), ('unconnected-(U1-I5-Pad5)', 'unconnected-(U3-I5-Pad5)'), ('unconnected-(U1-O6-Pad11)', 'unconnected-(U3-O6-Pad11)'), ('unconnected-(U1-I7-Pad7)', 'unconnected-(U3-I7-Pad7)'), ('/stepper1/C1', '/stepper3/C1'), ('/stepper1/C4', '/stepper3/C4'), ('unconnected-(U1-I6-Pad6)', 'unconnected-(U3-I6-Pad6)'), ('+12V', '+12V'), ('/1_3', '/3_3'), ('/1_H', '/3_H'), ('', ''), ('+5V', '+5V'), ('/1_1', '/3_1'), ('/1_2', '/3_2'), ('unconnected-(U1-O7-Pad10)', 'unconnected-(U3-O7-Pad10)'), ('GND', 'GND')]
08-30 23:16:52 com_github_MitjaNemec_ReplicateLayout.replicate_layout 1082:Replicating zones on sheet ['stepper4']
08-30 23:16:52 com_github_MitjaNemec_ReplicateLayout.replicate_layout 804:Net pairs for sheet ['stepper4'] :[('/stepper1/C2', '/stepper4/C2'), ('unconnected-(U1-O7-Pad10)', 'unconnected-(U5-O7-Pad10)'), ('/1_2', '/4_2'), ('unconnected-(U1-I5-Pad5)', 'unconnected-(U5-I5-Pad5)'), ('/1_4', '/4_4'), ('Net-(J2-Pin_3)', 'Net-(J8-Pin_3)'), ('/1_1', '/4_1'), ('/1_3', '/4_3'), ('unconnected-(U1-O6-Pad11)', 'unconnected-(U5-O6-Pad11)'), ('/stepper1/C1', '/stepper4/C1'), ('unconnected-(U1-O5-Pad12)', 'unconnected-(U5-O5-Pad12)'), ('+12V', '+12V'), ('/1_H', '/4_H'), ('', ''), ('/stepper1/C3', '/stepper4/C3'), ('/stepper1/C4', '/stepper4/C4'), ('+5V', '+5V'), ('unconnected-(U1-I7-Pad7)', 'unconnected-(U5-I7-Pad7)'), ('GND', 'GND'), ('unconnected-(U1-I6-Pad6)', 'unconnected-(U5-I6-Pad6)')]
08-30 23:16:52 com_github_MitjaNemec_ReplicateLayout.replicate_layout 1082:Replicating zones on sheet ['stepper5']
08-30 23:16:52 com_github_MitjaNemec_ReplicateLayout.replicate_layout 804:Net pairs for sheet ['stepper5'] :[('unconnected-(U1-I6-Pad6)', 'unconnected-(U6-I6-Pad6)'), ('unconnected-(U1-O7-Pad10)', 'unconnected-(U6-O7-Pad10)'), ('/stepper1/C3', '/stepper5/C3'), ('unconnected-(U1-I7-Pad7)', 'unconnected-(U6-I7-Pad7)'), ('unconnected-(U1-O6-Pad11)', 'unconnected-(U6-O6-Pad11)'), ('unconnected-(U1-O5-Pad12)', 'unconnected-(U6-O5-Pad12)'), ('/1_4', '/5_4'), ('/1_H', '/5_H'), ('unconnected-(U1-I5-Pad5)', 'unconnected-(U6-I5-Pad5)'), ('Net-(J2-Pin_3)', 'Net-(J11-Pin_3)'), ('/stepper1/C4', '/stepper5/C4'), ('+12V', '+12V'), ('/1_3', '/5_3'), ('/stepper1/C2', '/stepper5/C2'), ('/stepper1/C1', '/stepper5/C1'), ('', ''), ('+5V', '+5V'), ('/1_2', '/5_2'), ('GND', 'GND'), ('/1_1', '/5_1')]
08-30 23:16:52 com_github_MitjaNemec_ReplicateLayout.replicate_layout 1082:Replicating zones on sheet ['stepper6']
08-30 23:16:52 com_github_MitjaNemec_ReplicateLayout.replicate_layout 804:Net pairs for sheet ['stepper6'] :[('/stepper1/C4', '/stepper6/C4'), ('unconnected-(U1-O5-Pad12)', 'unconnected-(U7-O5-Pad12)'), ('/1_1', '/6_1'), ('unconnected-(U1-I5-Pad5)', 'unconnected-(U7-I5-Pad5)'), ('/1_4', '/6_4'), ('/1_3', '/6_3'), ('unconnected-(U1-I7-Pad7)', 'unconnected-(U7-I7-Pad7)'), ('/stepper1/C2', '/stepper6/C2'), ('unconnected-(U1-I6-Pad6)', 'unconnected-(U7-I6-Pad6)'), ('unconnected-(U1-O7-Pad10)', 'unconnected-(U7-O7-Pad10)'), ('/stepper1/C1', '/stepper6/C1'), ('/1_H', '/6_H'), ('/stepper1/C3', '/stepper6/C3'), ('+12V', '+12V'), ('unconnected-(U1-O6-Pad11)', 'unconnected-(U7-O6-Pad11)'), ('', ''), ('+5V', '+5V'), ('/1_2', '/6_2'), ('GND', 'GND'), ('Net-(J2-Pin_3)', 'Net-(J14-Pin_3)')]
08-30 23:16:52 root 332:updating GUI message: 'Replicating text'
08-30 23:16:52 com_github_MitjaNemec_ReplicateLayout.replicate_layout 1164:Replicating text
08-30 23:16:52 com_github_MitjaNemec_ReplicateLayout.replicate_layout 1171:Replicating text on sheet ['stepper2']
08-30 23:16:52 com_github_MitjaNemec_ReplicateLayout.replicate_layout 1171:Replicating text on sheet ['stepper3']
08-30 23:16:52 com_github_MitjaNemec_ReplicateLayout.replicate_layout 1171:Replicating text on sheet ['stepper4']
08-30 23:16:52 com_github_MitjaNemec_ReplicateLayout.replicate_layout 1171:Replicating text on sheet ['stepper5']
08-30 23:16:52 com_github_MitjaNemec_ReplicateLayout.replicate_layout 1171:Replicating text on sheet ['stepper6']
08-30 23:16:52 root 332:updating GUI message: 'Replicating drawings'
08-30 23:16:52 com_github_MitjaNemec_ReplicateLayout.replicate_layout 1215:Replicating drawings
08-30 23:16:52 com_github_MitjaNemec_ReplicateLayout.replicate_layout 1221:Replicating drawings on sheet ['stepper2']
08-30 23:16:52 com_github_MitjaNemec_ReplicateLayout.replicate_layout 1221:Replicating drawings on sheet ['stepper3']
08-30 23:16:52 com_github_MitjaNemec_ReplicateLayout.replicate_layout 1221:Replicating drawings on sheet ['stepper4']
08-30 23:16:52 com_github_MitjaNemec_ReplicateLayout.replicate_layout 1221:Replicating drawings on sheet ['stepper5']
08-30 23:16:52 com_github_MitjaNemec_ReplicateLayout.replicate_layout 1221:Replicating drawings on sheet ['stepper6']
08-30 23:16:53 com_github_MitjaNemec_ReplicateLayout.action_replicate_layout 256:Replication complete
